2025-09-17 22:59:45,304 - INFO - Starting Email to Notion Summary Scheduler
2025-09-17 22:59:45,304 - INFO - Interval: 30 minutes
2025-09-17 22:59:45,305 - INFO - Notion integration: Enabled
2025-09-17 22:59:45,305 - INFO - Running initial email processing...
2025-09-17 22:59:45,305 - INFO - Starting scheduled email processing...
2025-09-17 22:59:45,306 - ERROR - Error in scheduled email processing: No module named 'main'
2025-09-17 22:59:45,306 - INFO - Scheduler started. Press Ctrl+C to stop.
2025-09-17 23:01:26,290 - INFO - Received signal 2. Initiating graceful shutdown...
2025-09-17 23:01:26,367 - INFO - Scheduler stopped.
2025-09-17 23:01:30,961 - INFO - Starting Email to Notion Summary Scheduler
2025-09-17 23:01:30,962 - INFO - Interval: 30 minutes
2025-09-17 23:01:30,962 - INFO - Notion integration: Enabled
2025-09-17 23:01:30,962 - INFO - Running initial email processing...
2025-09-17 23:01:30,962 - INFO - Starting scheduled email processing...
2025-09-17 23:01:30,972 - ERROR - Error in scheduled email processing: No module named 'fetch_emails'
2025-09-17 23:01:30,972 - INFO - Scheduler started. Press Ctrl+C to stop.
2025-09-17 23:01:36,767 - INFO - Received signal 2. Initiating graceful shutdown...
2025-09-17 23:01:36,974 - INFO - Scheduler stopped.
2025-09-17 23:05:21,866 - INFO - Starting Email to Notion Summary Scheduler
2025-09-17 23:05:21,866 - INFO - Interval: 30 minutes
2025-09-17 23:05:21,866 - INFO - Notion integration: Enabled
2025-09-17 23:05:21,867 - INFO - Running initial email processing...
2025-09-17 23:05:21,867 - INFO - Starting scheduled email processing...
2025-09-17 23:05:21,872 - ERROR - Error in scheduled email processing: No module named 'fetch_emails'
2025-09-17 23:05:21,872 - INFO - Scheduler started. Press Ctrl+C to stop.
2025-09-17 23:05:45,024 - INFO - Received signal 2. Initiating graceful shutdown...
2025-09-17 23:05:45,887 - INFO - Scheduler stopped.
